!SESSION 2021-09-07 15:31:45.835 -----------------------------------------------
eclipse.buildId=4.5.1.202001211336-RELEASE
java.version=1.8.0_221
java.vendor=Oracle Corporation
BootLoader constants: OS=win32, ARCH=x86_64, WS=win32, NL=ko_KR
Framework arguments:  -product org.springframework.boot.ide.branding.sts4
Command-line arguments:  -os win32 -ws win32 -arch x86_64 -product org.springframework.boot.ide.branding.sts4

This is a continuation of log file C:\Users\nn\OneDrive - 성공회대학교\_SPRING\.metadata\.bak_0.log
Created Time: 2021-09-07 15:32:35.605

!ENTRY org.springframework.tooling.ls.eclipse.commons 1 0 2021-09-07 15:32:35.606
!MESSAGE project lab9_1 ...

!ENTRY org.springframework.tooling.ls.eclipse.commons 1 0 2021-09-07 15:32:35.608
!MESSAGE Preparing classpath changed notification Algorithm_2

!ENTRY org.springframework.tooling.ls.eclipse.commons 1 0 2021-09-07 15:32:35.609
!MESSAGE project lab9_2 ...

!ENTRY org.springframework.tooling.ls.eclipse.commons 1 0 2021-09-07 15:32:35.609
!MESSAGE exists = true open = true => deleted = false

!ENTRY org.springframework.tooling.ls.eclipse.commons 1 0 2021-09-07 15:32:35.610
!MESSAGE project reflectTest ...

!ENTRY org.springframework.tooling.ls.eclipse.commons 1 0 2021-09-07 15:32:35.611
!MESSAGE classpath=19 entries

!ENTRY org.springframework.tooling.ls.eclipse.commons 1 0 2021-09-07 15:32:35.611
!MESSAGE Sending initial event for all projects DONE

!ENTRY org.springframework.tooling.ls.eclipse.commons 1 0 2021-09-07 15:32:35.612
!MESSAGE buffering callback sts4.classpath.WvisyFIQ Algorithm_2 false 19

!ENTRY org.springframework.tooling.ls.eclipse.commons 1 0 2021-09-07 15:32:35.614
!MESSAGE ClasspathListenerHandler addClasspathListener sts4.classpath.WvisyFIQ => OK

!ENTRY org.springframework.tooling.ls.eclipse.commons 1 0 2021-09-07 15:32:35.614
!MESSAGE Preparing classpath changed notification AstarPex

!ENTRY org.springframework.tooling.ls.eclipse.commons 1 0 2021-09-07 15:32:35.615
!MESSAGE exists = true open = true => deleted = false

!ENTRY org.springframework.tooling.ls.eclipse.commons 1 0 2021-09-07 15:32:35.616
!MESSAGE classpath=19 entries

!ENTRY org.springframework.tooling.ls.eclipse.commons 1 0 2021-09-07 15:32:35.618
!MESSAGE buffering callback sts4.classpath.WvisyFIQ AstarPex false 19

!ENTRY org.springframework.tooling.ls.eclipse.commons 1 0 2021-09-07 15:32:35.619
!MESSAGE Preparing classpath changed notification AstarPex1_1_1

!ENTRY org.springframework.tooling.ls.eclipse.commons 1 0 2021-09-07 15:32:35.620
!MESSAGE exists = true open = true => deleted = false

!ENTRY org.springframework.tooling.ls.eclipse.commons 1 0 2021-09-07 15:32:35.621
!MESSAGE classpath=19 entries

!ENTRY org.springframework.tooling.ls.eclipse.commons 1 0 2021-09-07 15:32:35.623
!MESSAGE buffering callback sts4.classpath.WvisyFIQ AstarPex1_1_1 false 19

!ENTRY org.springframework.tooling.ls.eclipse.commons 1 0 2021-09-07 15:32:35.624
!MESSAGE Preparing classpath changed notification Baekjoon

!ENTRY org.springframework.tooling.ls.eclipse.commons 1 0 2021-09-07 15:32:35.626
!MESSAGE exists = true open = true => deleted = false

!ENTRY org.springframework.tooling.ls.eclipse.commons 1 0 2021-09-07 15:32:35.627
!MESSAGE classpath=19 entries

!ENTRY org.springframework.tooling.ls.eclipse.commons 1 0 2021-09-07 15:32:35.628
!MESSAGE buffering callback sts4.classpath.WvisyFIQ Baekjoon false 19

!ENTRY org.springframework.tooling.ls.eclipse.commons 1 0 2021-09-07 15:32:35.630
!MESSAGE Preparing classpath changed notification DBT

!ENTRY org.springframework.tooling.ls.eclipse.commons 1 0 2021-09-07 15:32:35.631
!MESSAGE exists = true open = true => deleted = false

!ENTRY org.springframework.tooling.ls.eclipse.commons 1 0 2021-09-07 15:32:35.633
!MESSAGE classpath=2 entries

!ENTRY org.springframework.tooling.ls.eclipse.commons 1 0 2021-09-07 15:32:35.634
!MESSAGE buffering callback sts4.classpath.WvisyFIQ DBT false 1

!ENTRY org.springframework.tooling.ls.eclipse.commons 1 0 2021-09-07 15:32:35.635
!MESSAGE Preparing classpath changed notification DBTest

!ENTRY org.springframework.tooling.ls.eclipse.commons 1 0 2021-09-07 15:32:35.636
!MESSAGE exists = true open = true => deleted = false

!ENTRY org.springframework.tooling.ls.eclipse.commons 1 0 2021-09-07 15:32:35.637
!MESSAGE classpath=20 entries

!ENTRY org.springframework.tooling.ls.eclipse.commons 1 0 2021-09-07 15:32:35.639
!MESSAGE buffering callback sts4.classpath.WvisyFIQ DBTest false 19

!ENTRY org.springframework.tooling.ls.eclipse.commons 1 0 2021-09-07 15:32:35.640
!MESSAGE Preparing classpath changed notification Error

!ENTRY org.springframework.tooling.ls.eclipse.commons 1 0 2021-09-07 15:32:35.641
!MESSAGE exists = true open = true => deleted = false

!ENTRY org.springframework.tooling.ls.eclipse.commons 1 0 2021-09-07 15:32:35.643
!MESSAGE classpath=20 entries

!ENTRY org.springframework.tooling.ls.eclipse.commons 1 0 2021-09-07 15:32:35.644
!MESSAGE buffering callback sts4.classpath.WvisyFIQ Error false 19

!ENTRY org.springframework.tooling.ls.eclipse.commons 1 0 2021-09-07 15:32:35.645
!MESSAGE Preparing classpath changed notification G201732009

!ENTRY org.springframework.tooling.ls.eclipse.commons 1 0 2021-09-07 15:32:35.647
!MESSAGE exists = true open = true => deleted = false

!ENTRY org.springframework.tooling.ls.eclipse.commons 1 0 2021-09-07 15:32:35.649
!MESSAGE classpath=1 entries

!ENTRY org.springframework.tooling.ls.eclipse.commons 1 0 2021-09-07 15:32:35.650
!MESSAGE buffering callback sts4.classpath.WvisyFIQ G201732009 false 1

!ENTRY org.springframework.tooling.ls.eclipse.commons 1 0 2021-09-07 15:32:35.651
!MESSAGE Preparing classpath changed notification JP_14

!ENTRY org.springframework.tooling.ls.eclipse.commons 1 0 2021-09-07 15:32:35.652
!MESSAGE exists = true open = true => deleted = false

!ENTRY org.springframework.tooling.ls.eclipse.commons 1 0 2021-09-07 15:32:35.654
!MESSAGE classpath=1 entries

!ENTRY org.springframework.tooling.ls.eclipse.commons 1 0 2021-09-07 15:32:35.655
!MESSAGE buffering callback sts4.classpath.WvisyFIQ JP_14 false 1

!ENTRY org.springframework.tooling.ls.eclipse.commons 1 0 2021-09-07 15:32:35.656
!MESSAGE Preparing classpath changed notification Java

!ENTRY org.springframework.tooling.ls.eclipse.commons 1 0 2021-09-07 15:32:35.658
!MESSAGE exists = true open = true => deleted = false

!ENTRY org.springframework.tooling.ls.eclipse.commons 1 0 2021-09-07 15:32:35.659
!MESSAGE classpath=19 entries

!ENTRY org.springframework.tooling.ls.eclipse.commons 1 0 2021-09-07 15:32:35.660
!MESSAGE buffering callback sts4.classpath.WvisyFIQ Java false 19

!ENTRY org.springframework.tooling.ls.eclipse.commons 1 0 2021-09-07 15:32:35.661
!MESSAGE Preparing classpath changed notification JavaProject_Final_DesktopClinet

!ENTRY org.springframework.tooling.ls.eclipse.commons 1 0 2021-09-07 15:32:35.662
!MESSAGE exists = true open = true => deleted = false

!ENTRY org.springframework.tooling.ls.eclipse.commons 1 0 2021-09-07 15:32:35.664
!MESSAGE classpath=20 entries

!ENTRY org.springframework.tooling.ls.eclipse.commons 1 0 2021-09-07 15:32:35.665
!MESSAGE buffering callback sts4.classpath.WvisyFIQ JavaProject_Final_DesktopClinet false 19

!ENTRY org.springframework.tooling.ls.eclipse.commons 1 0 2021-09-07 15:32:35.666
!MESSAGE Preparing classpath changed notification OpenCV00

!ENTRY org.springframework.tooling.ls.eclipse.commons 1 0 2021-09-07 15:32:35.667
!MESSAGE exists = true open = true => deleted = false

!ENTRY org.springframework.tooling.ls.eclipse.commons 1 0 2021-09-07 15:32:35.668
!MESSAGE classpath=19 entries

!ENTRY org.springframework.tooling.ls.eclipse.commons 1 0 2021-09-07 15:32:35.669
!MESSAGE buffering callback sts4.classpath.WvisyFIQ OpenCV00 false 19

!ENTRY org.springframework.tooling.ls.eclipse.commons 1 0 2021-09-07 15:32:35.670
!MESSAGE Preparing classpath changed notification Perceptorn

!ENTRY org.springframework.tooling.ls.eclipse.commons 1 0 2021-09-07 15:32:35.671
!MESSAGE exists = true open = true => deleted = false

!ENTRY org.springframework.tooling.ls.eclipse.commons 1 0 2021-09-07 15:32:35.674
!MESSAGE classpath=19 entries

!ENTRY org.springframework.tooling.ls.eclipse.commons 1 0 2021-09-07 15:32:35.675
!MESSAGE buffering callback sts4.classpath.WvisyFIQ Perceptorn false 19

!ENTRY org.springframework.tooling.ls.eclipse.commons 1 0 2021-09-07 15:32:35.676
!MESSAGE Preparing classpath changed notification PingTest

!ENTRY org.springframework.tooling.ls.eclipse.commons 1 0 2021-09-07 15:32:35.677
!MESSAGE exists = true open = true => deleted = false

!ENTRY org.springframework.tooling.ls.eclipse.commons 1 0 2021-09-07 15:32:35.683
!MESSAGE classpath=1 entries

!ENTRY org.springframework.tooling.ls.eclipse.commons 1 0 2021-09-07 15:32:35.684
!MESSAGE buffering callback sts4.classpath.WvisyFIQ PingTest false 1

!ENTRY org.springframework.tooling.ls.eclipse.commons 1 0 2021-09-07 15:32:35.685
!MESSAGE Preparing classpath changed notification Project

!ENTRY org.springframework.tooling.ls.eclipse.commons 1 0 2021-09-07 15:32:35.686
!MESSAGE exists = true open = true => deleted = false

!ENTRY org.springframework.tooling.ls.eclipse.commons 1 0 2021-09-07 15:32:35.688
!MESSAGE classpath=19 entries

!ENTRY org.springframework.tooling.ls.eclipse.commons 1 0 2021-09-07 15:32:35.689
!MESSAGE buffering callback sts4.classpath.WvisyFIQ Project false 19

!ENTRY org.springframework.tooling.ls.eclipse.commons 1 0 2021-09-07 15:32:35.690
!MESSAGE Preparing classpath changed notification SM_00

!ENTRY org.springframework.tooling.ls.eclipse.commons 1 0 2021-09-07 15:32:35.691
!MESSAGE exists = true open = true => deleted = false

!ENTRY org.springframework.tooling.ls.eclipse.commons 1 0 2021-09-07 15:32:35.693
!MESSAGE classpath=1 entries

!ENTRY org.springframework.tooling.ls.eclipse.commons 1 0 2021-09-07 15:32:35.694
!MESSAGE buffering callback sts4.classpath.WvisyFIQ SM_00 false 1

!ENTRY org.springframework.tooling.ls.eclipse.commons 1 0 2021-09-07 15:32:35.698
!MESSAGE Preparing classpath changed notification SWcapstone

!ENTRY org.springframework.tooling.ls.eclipse.commons 1 0 2021-09-07 15:32:35.699
!MESSAGE exists = true open = true => deleted = false

!ENTRY org.springframework.tooling.ls.eclipse.commons 1 0 2021-09-07 15:32:35.701
!MESSAGE classpath=19 entries

!ENTRY org.springframework.tooling.ls.eclipse.commons 1 0 2021-09-07 15:32:35.702
!MESSAGE buffering callback sts4.classpath.WvisyFIQ SWcapstone false 19

!ENTRY org.springframework.tooling.ls.eclipse.commons 1 0 2021-09-07 15:32:35.702
!MESSAGE Preparing classpath changed notification SepClinet

!ENTRY org.springframework.tooling.ls.eclipse.commons 1 0 2021-09-07 15:32:35.704
!MESSAGE exists = true open = true => deleted = false

!ENTRY org.springframework.tooling.ls.eclipse.commons 1 0 2021-09-07 15:32:35.706
!MESSAGE classpath=1 entries

!ENTRY org.springframework.tooling.ls.eclipse.commons 1 0 2021-09-07 15:32:35.707
!MESSAGE buffering callback sts4.classpath.WvisyFIQ SepClinet false 1

!ENTRY org.springframework.tooling.ls.eclipse.commons 1 0 2021-09-07 15:32:35.708
!MESSAGE Preparing classpath changed notification StringTest

!ENTRY org.springframework.tooling.ls.eclipse.commons 1 0 2021-09-07 15:32:35.709
!MESSAGE exists = true open = true => deleted = false

!ENTRY org.springframework.tooling.ls.eclipse.commons 1 0 2021-09-07 15:32:35.711
!MESSAGE classpath=19 entries

!ENTRY org.springframework.tooling.ls.eclipse.commons 1 0 2021-09-07 15:32:35.713
!MESSAGE buffering callback sts4.classpath.WvisyFIQ StringTest false 19

!ENTRY org.springframework.tooling.ls.eclipse.commons 1 0 2021-09-07 15:32:35.717
!MESSAGE Preparing classpath changed notification TA

!ENTRY org.springframework.tooling.ls.eclipse.commons 1 0 2021-09-07 15:32:35.718
!MESSAGE exists = true open = true => deleted = false

!ENTRY org.springframework.tooling.ls.eclipse.commons 1 0 2021-09-07 15:32:35.720
!MESSAGE classpath=19 entries

!ENTRY org.springframework.tooling.ls.eclipse.commons 1 0 2021-09-07 15:32:35.722
!MESSAGE buffering callback sts4.classpath.WvisyFIQ TA false 19

!ENTRY org.springframework.tooling.ls.eclipse.commons 1 0 2021-09-07 15:32:35.722
!MESSAGE Preparing classpath changed notification Testd

!ENTRY org.springframework.tooling.ls.eclipse.commons 1 0 2021-09-07 15:32:35.724
!MESSAGE exists = true open = true => deleted = false

!ENTRY org.springframework.tooling.ls.eclipse.commons 1 0 2021-09-07 15:32:35.725
!MESSAGE classpath=19 entries

!ENTRY org.springframework.tooling.ls.eclipse.commons 1 0 2021-09-07 15:32:35.726
!MESSAGE buffering callback sts4.classpath.WvisyFIQ Testd false 19

!ENTRY org.springframework.tooling.ls.eclipse.commons 1 0 2021-09-07 15:32:35.727
!MESSAGE Preparing classpath changed notification Testtt

!ENTRY org.springframework.tooling.ls.eclipse.commons 1 0 2021-09-07 15:32:35.728
!MESSAGE exists = true open = true => deleted = false

!ENTRY org.springframework.tooling.ls.eclipse.commons 1 0 2021-09-07 15:32:35.730
!MESSAGE classpath=20 entries

!ENTRY org.springframework.tooling.ls.eclipse.commons 1 0 2021-09-07 15:32:35.731
!MESSAGE buffering callback sts4.classpath.WvisyFIQ Testtt false 19

!ENTRY org.springframework.tooling.ls.eclipse.commons 1 0 2021-09-07 15:32:35.732
!MESSAGE Preparing classpath changed notification course11

!ENTRY org.springframework.tooling.ls.eclipse.commons 1 0 2021-09-07 15:32:35.733
!MESSAGE exists = true open = true => deleted = false

!ENTRY org.springframework.tooling.ls.eclipse.commons 1 0 2021-09-07 15:32:35.734
!MESSAGE classpath=1 entries

!ENTRY org.springframework.tooling.ls.eclipse.commons 1 0 2021-09-07 15:32:35.752
!MESSAGE buffering callback sts4.classpath.WvisyFIQ course11 false 1

!ENTRY org.springframework.tooling.ls.eclipse.commons 1 0 2021-09-07 15:32:35.757
!MESSAGE Preparing classpath changed notification course4

!ENTRY org.springframework.tooling.ls.eclipse.commons 1 0 2021-09-07 15:32:35.759
!MESSAGE exists = true open = true => deleted = false

!ENTRY org.springframework.tooling.ls.eclipse.commons 1 0 2021-09-07 15:32:35.760
!MESSAGE classpath=19 entries

!ENTRY org.springframework.tooling.ls.eclipse.commons 1 0 2021-09-07 15:32:35.762
!MESSAGE buffering callback sts4.classpath.WvisyFIQ course4 false 19

!ENTRY org.springframework.tooling.ls.eclipse.commons 1 0 2021-09-07 15:32:35.765
!MESSAGE Preparing classpath changed notification course7

!ENTRY org.springframework.tooling.ls.eclipse.commons 1 0 2021-09-07 15:32:35.766
!MESSAGE exists = true open = true => deleted = false

!ENTRY org.springframework.tooling.ls.eclipse.commons 1 0 2021-09-07 15:32:35.768
!MESSAGE classpath=1 entries

!ENTRY org.springframework.tooling.ls.eclipse.commons 1 0 2021-09-07 15:32:35.769
!MESSAGE buffering callback sts4.classpath.WvisyFIQ course7 false 1

!ENTRY org.springframework.tooling.ls.eclipse.commons 1 0 2021-09-07 15:32:35.770
!MESSAGE Preparing classpath changed notification hello1

!ENTRY org.springframework.tooling.ls.eclipse.commons 1 0 2021-09-07 15:32:35.771
!MESSAGE exists = true open = true => deleted = false

!ENTRY org.springframework.tooling.ls.eclipse.commons 1 0 2021-09-07 15:32:35.780
!MESSAGE classpath=83 entries

!ENTRY org.springframework.tooling.ls.eclipse.commons 1 0 2021-09-07 15:32:35.787
!MESSAGE buffering callback sts4.classpath.WvisyFIQ hello1 false 83

!ENTRY org.springframework.tooling.ls.eclipse.commons 1 0 2021-09-07 15:32:35.788
!MESSAGE Preparing classpath changed notification hw10_1

!ENTRY org.springframework.tooling.ls.eclipse.commons 1 0 2021-09-07 15:32:35.790
!MESSAGE exists = true open = true => deleted = false

!ENTRY org.springframework.tooling.ls.eclipse.commons 1 0 2021-09-07 15:32:35.792
!MESSAGE classpath=19 entries

!ENTRY org.springframework.tooling.ls.eclipse.commons 1 0 2021-09-07 15:32:35.794
!MESSAGE buffering callback sts4.classpath.WvisyFIQ hw10_1 false 19

!ENTRY org.springframework.tooling.ls.eclipse.commons 1 0 2021-09-07 15:32:35.799
!MESSAGE Preparing classpath changed notification hw10_2

!ENTRY org.springframework.tooling.ls.eclipse.commons 1 0 2021-09-07 15:32:35.800
!MESSAGE exists = true open = true => deleted = false

!ENTRY org.springframework.tooling.ls.eclipse.commons 1 0 2021-09-07 15:32:35.803
!MESSAGE classpath=19 entries

!ENTRY org.springframework.tooling.ls.eclipse.commons 1 0 2021-09-07 15:32:35.805
!MESSAGE buffering callback sts4.classpath.WvisyFIQ hw10_2 false 19

!ENTRY org.springframework.tooling.ls.eclipse.commons 1 0 2021-09-07 15:32:35.809
!MESSAGE Preparing classpath changed notification hw15_1

!ENTRY org.springframework.tooling.ls.eclipse.commons 1 0 2021-09-07 15:32:35.810
!MESSAGE exists = true open = true => deleted = false

!ENTRY org.springframework.tooling.ls.eclipse.commons 1 0 2021-09-07 15:32:35.814
!MESSAGE classpath=19 entries

!ENTRY org.springframework.tooling.ls.eclipse.commons 1 0 2021-09-07 15:32:35.816
!MESSAGE buffering callback sts4.classpath.WvisyFIQ hw15_1 false 19

!ENTRY org.springframework.tooling.ls.eclipse.commons 1 0 2021-09-07 15:32:35.817
!MESSAGE Preparing classpath changed notification hw5_1

!ENTRY org.springframework.tooling.ls.eclipse.commons 1 0 2021-09-07 15:32:35.818
!MESSAGE exists = true open = true => deleted = false

!ENTRY org.springframework.tooling.ls.eclipse.commons 1 0 2021-09-07 15:32:35.820
!MESSAGE classpath=19 entries

!ENTRY org.springframework.tooling.ls.eclipse.commons 1 0 2021-09-07 15:32:35.822
!MESSAGE buffering callback sts4.classpath.WvisyFIQ hw5_1 false 19

!ENTRY org.springframework.tooling.ls.eclipse.commons 1 0 2021-09-07 15:32:35.823
!MESSAGE Preparing classpath changed notification hw5_2

!ENTRY org.springframework.tooling.ls.eclipse.commons 1 0 2021-09-07 15:32:35.824
!MESSAGE exists = true open = true => deleted = false

!ENTRY org.springframework.tooling.ls.eclipse.commons 1 0 2021-09-07 15:32:35.826
!MESSAGE classpath=19 entries

!ENTRY org.springframework.tooling.ls.eclipse.commons 1 0 2021-09-07 15:32:35.827
!MESSAGE buffering callback sts4.classpath.WvisyFIQ hw5_2 false 19

!ENTRY org.springframework.tooling.ls.eclipse.commons 1 0 2021-09-07 15:32:35.828
!MESSAGE Preparing classpath changed notification hw6_1

!ENTRY org.springframework.tooling.ls.eclipse.commons 1 0 2021-09-07 15:32:35.829
!MESSAGE exists = true open = true => deleted = false

!ENTRY org.springframework.tooling.ls.eclipse.commons 1 0 2021-09-07 15:32:35.831
!MESSAGE classpath=19 entries

!ENTRY org.springframework.tooling.ls.eclipse.commons 1 0 2021-09-07 15:32:35.832
!MESSAGE buffering callback sts4.classpath.WvisyFIQ hw6_1 false 19

!ENTRY org.springframework.tooling.ls.eclipse.commons 1 0 2021-09-07 15:32:35.833
!MESSAGE Preparing classpath changed notification hw6_2

!ENTRY org.springframework.tooling.ls.eclipse.commons 1 0 2021-09-07 15:32:35.834
!MESSAGE exists = true open = true => deleted = false

!ENTRY org.springframework.tooling.ls.eclipse.commons 1 0 2021-09-07 15:32:35.836
!MESSAGE classpath=19 entries

!ENTRY org.springframework.tooling.ls.eclipse.commons 1 0 2021-09-07 15:32:35.837
!MESSAGE buffering callback sts4.classpath.WvisyFIQ hw6_2 false 19

!ENTRY org.springframework.tooling.ls.eclipse.commons 1 0 2021-09-07 15:32:35.841
!MESSAGE Preparing classpath changed notification hw7_1

!ENTRY org.springframework.tooling.ls.eclipse.commons 1 0 2021-09-07 15:32:35.852
!MESSAGE exists = true open = true => deleted = false

!ENTRY org.springframework.tooling.ls.eclipse.commons 1 0 2021-09-07 15:32:35.854
!MESSAGE classpath=19 entries

!ENTRY org.springframework.tooling.ls.eclipse.commons 1 0 2021-09-07 15:32:35.857
!MESSAGE buffering callback sts4.classpath.WvisyFIQ hw7_1 false 19

!ENTRY org.springframework.tooling.ls.eclipse.commons 1 0 2021-09-07 15:32:35.859
!MESSAGE Preparing classpath changed notification hw7_2

!ENTRY org.springframework.tooling.ls.eclipse.commons 1 0 2021-09-07 15:32:35.860
!MESSAGE exists = true open = true => deleted = false

!ENTRY org.springframework.tooling.ls.eclipse.commons 1 0 2021-09-07 15:32:35.862
!MESSAGE classpath=19 entries

!ENTRY org.springframework.tooling.ls.eclipse.commons 1 0 2021-09-07 15:32:35.863
!MESSAGE buffering callback sts4.classpath.WvisyFIQ hw7_2 false 19

!ENTRY org.springframework.tooling.ls.eclipse.commons 1 0 2021-09-07 15:32:35.864
!MESSAGE Preparing classpath changed notification hw7_3

!ENTRY org.springframework.tooling.ls.eclipse.commons 1 0 2021-09-07 15:32:35.865
!MESSAGE exists = true open = true => deleted = false

!ENTRY org.springframework.tooling.ls.eclipse.commons 1 0 2021-09-07 15:32:35.867
!MESSAGE classpath=1 entries

!ENTRY org.springframework.tooling.ls.eclipse.commons 1 0 2021-09-07 15:32:35.868
!MESSAGE buffering callback sts4.classpath.WvisyFIQ hw7_3 false 1

!ENTRY org.springframework.tooling.ls.eclipse.commons 1 0 2021-09-07 15:32:35.869
!MESSAGE Preparing classpath changed notification hw7_4

!ENTRY org.springframework.tooling.ls.eclipse.commons 1 0 2021-09-07 15:32:35.871
!MESSAGE exists = true open = true => deleted = false

!ENTRY org.springframework.tooling.ls.eclipse.commons 1 0 2021-09-07 15:32:35.875
!MESSAGE classpath=19 entries

!ENTRY org.springframework.tooling.ls.eclipse.commons 1 0 2021-09-07 15:32:35.876
!MESSAGE buffering callback sts4.classpath.WvisyFIQ hw7_4 false 19

!ENTRY org.springframework.tooling.ls.eclipse.commons 1 0 2021-09-07 15:32:35.877
!MESSAGE Preparing classpath changed notification hw7_4 error

!ENTRY org.springframework.tooling.ls.eclipse.commons 1 0 2021-09-07 15:32:35.879
!MESSAGE exists = true open = true => deleted = false

!ENTRY org.springframework.tooling.ls.eclipse.commons 1 0 2021-09-07 15:32:35.881
!MESSAGE classpath=19 entries

!ENTRY org.springframework.tooling.ls.eclipse.commons 1 0 2021-09-07 15:32:35.882
!MESSAGE buffering callback sts4.classpath.WvisyFIQ hw7_4 error false 19

!ENTRY org.springframework.tooling.ls.eclipse.commons 1 0 2021-09-07 15:32:35.883
!MESSAGE Preparing classpath changed notification hw8_1

!ENTRY org.springframework.tooling.ls.eclipse.commons 1 0 2021-09-07 15:32:35.885
!MESSAGE exists = true open = true => deleted = false

!ENTRY org.springframework.tooling.ls.eclipse.commons 1 0 2021-09-07 15:32:35.886
!MESSAGE classpath=19 entries

!ENTRY org.springframework.tooling.ls.eclipse.commons 1 0 2021-09-07 15:32:35.888
!MESSAGE buffering callback sts4.classpath.WvisyFIQ hw8_1 false 19

!ENTRY org.springframework.tooling.ls.eclipse.commons 1 0 2021-09-07 15:32:35.891
!MESSAGE Preparing classpath changed notification hw8_2

!ENTRY org.springframework.tooling.ls.eclipse.commons 1 0 2021-09-07 15:32:35.892
!MESSAGE exists = true open = true => deleted = false

!ENTRY org.springframework.tooling.ls.eclipse.commons 1 0 2021-09-07 15:32:35.894
!MESSAGE classpath=19 entries

!ENTRY org.springframework.tooling.ls.eclipse.commons 1 0 2021-09-07 15:32:35.896
!MESSAGE buffering callback sts4.classpath.WvisyFIQ hw8_2 false 19

!ENTRY org.springframework.tooling.ls.eclipse.commons 1 0 2021-09-07 15:32:35.897
!MESSAGE Preparing classpath changed notification hw9_1

!ENTRY org.springframework.tooling.ls.eclipse.commons 1 0 2021-09-07 15:32:35.898
!MESSAGE exists = true open = true => deleted = false

!ENTRY org.springframework.tooling.ls.eclipse.commons 1 0 2021-09-07 15:32:35.900
!MESSAGE classpath=1 entries

!ENTRY org.springframework.tooling.ls.eclipse.commons 1 0 2021-09-07 15:32:35.901
!MESSAGE buffering callback sts4.classpath.WvisyFIQ hw9_1 false 1

!ENTRY org.springframework.tooling.ls.eclipse.commons 1 0 2021-09-07 15:32:35.902
!MESSAGE Preparing classpath changed notification implements

!ENTRY org.springframework.tooling.ls.eclipse.commons 1 0 2021-09-07 15:32:35.903
!MESSAGE exists = true open = true => deleted = false

!ENTRY org.springframework.tooling.ls.eclipse.commons 1 0 2021-09-07 15:32:35.905
!MESSAGE classpath=1 entries

!ENTRY org.springframework.tooling.ls.eclipse.commons 1 0 2021-09-07 15:32:35.906
!MESSAGE buffering callback sts4.classpath.WvisyFIQ implements false 1

!ENTRY org.springframework.tooling.ls.eclipse.commons 1 0 2021-09-07 15:32:35.907
!MESSAGE Preparing classpath changed notification lab10_1

!ENTRY org.springframework.tooling.ls.eclipse.commons 1 0 2021-09-07 15:32:35.910
!MESSAGE exists = true open = true => deleted = false

!ENTRY org.springframework.tooling.ls.eclipse.commons 1 0 2021-09-07 15:32:35.913
!MESSAGE classpath=19 entries

!ENTRY org.springframework.tooling.ls.eclipse.commons 1 0 2021-09-07 15:32:35.914
!MESSAGE buffering callback sts4.classpath.WvisyFIQ lab10_1 false 19

!ENTRY org.springframework.tooling.ls.eclipse.commons 1 0 2021-09-07 15:32:35.915
!MESSAGE Preparing classpath changed notification lab10_2

!ENTRY org.springframework.tooling.ls.eclipse.commons 1 0 2021-09-07 15:32:35.916
!MESSAGE exists = true open = true => deleted = false

!ENTRY org.springframework.tooling.ls.eclipse.commons 1 0 2021-09-07 15:32:35.917
!MESSAGE classpath=19 entries

!ENTRY org.springframework.tooling.ls.eclipse.commons 1 0 2021-09-07 15:32:35.919
!MESSAGE buffering callback sts4.classpath.WvisyFIQ lab10_2 false 19

!ENTRY org.springframework.tooling.ls.eclipse.commons 1 0 2021-09-07 15:32:35.920
!MESSAGE Preparing classpath changed notification lab1_1

!ENTRY org.springframework.tooling.ls.eclipse.commons 1 0 2021-09-07 15:32:35.921
!MESSAGE exists = true open = true => deleted = false

!ENTRY org.springframework.tooling.ls.eclipse.commons 1 0 2021-09-07 15:32:35.924
!MESSAGE classpath=19 entries

!ENTRY org.springframework.tooling.ls.eclipse.commons 1 0 2021-09-07 15:32:35.925
!MESSAGE buffering callback sts4.classpath.WvisyFIQ lab1_1 false 19

!ENTRY org.springframework.tooling.ls.eclipse.commons 1 0 2021-09-07 15:32:35.926
!MESSAGE Preparing classpath changed notification lab1_2

!ENTRY org.springframework.tooling.ls.eclipse.commons 1 0 2021-09-07 15:32:35.927
!MESSAGE exists = true open = true => deleted = false

!ENTRY org.springframework.tooling.ls.eclipse.commons 1 0 2021-09-07 15:32:35.929
!MESSAGE classpath=19 entries

!ENTRY org.springframework.tooling.ls.eclipse.commons 1 0 2021-09-07 15:32:35.930
!MESSAGE buffering callback sts4.classpath.WvisyFIQ lab1_2 false 19

!ENTRY org.springframework.tooling.ls.eclipse.commons 1 0 2021-09-07 15:32:35.931
!MESSAGE Preparing classpath changed notification lab1_3

!ENTRY org.springframework.tooling.ls.eclipse.commons 1 0 2021-09-07 15:32:35.932
!MESSAGE exists = true open = true => deleted = false

!ENTRY org.springframework.tooling.ls.eclipse.commons 1 0 2021-09-07 15:32:35.933
!MESSAGE classpath=19 entries

!ENTRY org.springframework.tooling.ls.eclipse.commons 1 0 2021-09-07 15:32:35.934
!MESSAGE buffering callback sts4.classpath.WvisyFIQ lab1_3 false 19

!ENTRY org.springframework.tooling.ls.eclipse.commons 1 0 2021-09-07 15:32:35.935
!MESSAGE Preparing classpath changed notification lab1_4

!ENTRY org.springframework.tooling.ls.eclipse.commons 1 0 2021-09-07 15:32:35.936
!MESSAGE exists = true open = true => deleted = false

!ENTRY org.springframework.tooling.ls.eclipse.commons 1 0 2021-09-07 15:32:35.939
!MESSAGE classpath=19 entries

!ENTRY org.springframework.tooling.ls.eclipse.commons 1 0 2021-09-07 15:32:35.941
!MESSAGE buffering callback sts4.classpath.WvisyFIQ lab1_4 false 19

!ENTRY org.springframework.tooling.ls.eclipse.commons 1 0 2021-09-07 15:32:35.942
!MESSAGE Preparing classpath changed notification lab1_5

!ENTRY org.springframework.tooling.ls.eclipse.commons 1 0 2021-09-07 15:32:35.943
!MESSAGE exists = true open = true => deleted = false

!ENTRY org.springframework.tooling.ls.eclipse.commons 1 0 2021-09-07 15:32:35.944
!MESSAGE classpath=19 entries

!ENTRY org.springframework.tooling.ls.eclipse.commons 1 0 2021-09-07 15:32:35.946
!MESSAGE buffering callback sts4.classpath.WvisyFIQ lab1_5 false 19

!ENTRY org.springframework.tooling.ls.eclipse.commons 1 0 2021-09-07 15:32:35.947
!MESSAGE Preparing classpath changed notification lab1_6

!ENTRY org.springframework.tooling.ls.eclipse.commons 1 0 2021-09-07 15:32:35.949
!MESSAGE exists = true open = true => deleted = false

!ENTRY org.springframework.tooling.ls.eclipse.commons 1 0 2021-09-07 15:32:35.950
!MESSAGE classpath=19 entries

!ENTRY org.springframework.tooling.ls.eclipse.commons 1 0 2021-09-07 15:32:35.952
!MESSAGE buffering callback sts4.classpath.WvisyFIQ lab1_6 false 19

!ENTRY org.springframework.tooling.ls.eclipse.commons 1 0 2021-09-07 15:32:35.953
!MESSAGE Preparing classpath changed notification lab5_1

!ENTRY org.springframework.tooling.ls.eclipse.commons 1 0 2021-09-07 15:32:35.958
!MESSAGE exists = true open = true => deleted = false

!ENTRY org.springframework.tooling.ls.eclipse.commons 1 0 2021-09-07 15:32:35.959
!MESSAGE classpath=19 entries

!ENTRY org.springframework.tooling.ls.eclipse.commons 1 0 2021-09-07 15:32:35.966
!MESSAGE buffering callback sts4.classpath.WvisyFIQ lab5_1 false 19

!ENTRY org.springframework.tooling.ls.eclipse.commons 1 0 2021-09-07 15:32:35.968
!MESSAGE Preparing classpath changed notification lab6_1

!ENTRY org.springframework.tooling.ls.eclipse.commons 1 0 2021-09-07 15:32:35.969
!MESSAGE exists = true open = true => deleted = false

!ENTRY org.springframework.tooling.ls.eclipse.commons 1 0 2021-09-07 15:32:35.972
!MESSAGE classpath=19 entries

!ENTRY org.springframework.tooling.ls.eclipse.commons 1 0 2021-09-07 15:32:35.973
!MESSAGE buffering callback sts4.classpath.WvisyFIQ lab6_1 false 19

!ENTRY org.springframework.tooling.ls.eclipse.commons 1 0 2021-09-07 15:32:35.974
!MESSAGE Preparing classpath changed notification lab6_2

!ENTRY org.springframework.tooling.ls.eclipse.commons 1 0 2021-09-07 15:32:35.975
!MESSAGE exists = true open = true => deleted = false

!ENTRY org.springframework.tooling.ls.eclipse.commons 1 0 2021-09-07 15:32:35.976
!MESSAGE classpath=19 entries

!ENTRY org.springframework.tooling.ls.eclipse.commons 1 0 2021-09-07 15:32:35.979
!MESSAGE buffering callback sts4.classpath.WvisyFIQ lab6_2 false 19

!ENTRY org.springframework.tooling.ls.eclipse.commons 1 0 2021-09-07 15:32:35.980
!MESSAGE Preparing classpath changed notification lab7_1

!ENTRY org.springframework.tooling.ls.eclipse.commons 1 0 2021-09-07 15:32:35.981
!MESSAGE exists = true open = true => deleted = false

!ENTRY org.springframework.tooling.ls.eclipse.commons 1 0 2021-09-07 15:32:35.983
!MESSAGE classpath=19 entries

!ENTRY org.springframework.tooling.ls.eclipse.commons 1 0 2021-09-07 15:32:35.984
!MESSAGE buffering callback sts4.classpath.WvisyFIQ lab7_1 false 19

!ENTRY org.springframework.tooling.ls.eclipse.commons 1 0 2021-09-07 15:32:35.985
!MESSAGE Preparing classpath changed notification lab8_1

!ENTRY org.springframework.tooling.ls.eclipse.commons 1 0 2021-09-07 15:32:35.986
!MESSAGE exists = true open = true => deleted = false

!ENTRY org.springframework.tooling.ls.eclipse.commons 1 0 2021-09-07 15:32:35.988
!MESSAGE classpath=19 entries

!ENTRY org.springframework.tooling.ls.eclipse.commons 1 0 2021-09-07 15:32:35.990
!MESSAGE buffering callback sts4.classpath.WvisyFIQ lab8_1 false 19

!ENTRY org.springframework.tooling.ls.eclipse.commons 1 0 2021-09-07 15:32:35.990
!MESSAGE Preparing classpath changed notification lab9_1

!ENTRY org.springframework.tooling.ls.eclipse.commons 1 0 2021-09-07 15:32:35.991
!MESSAGE exists = true open = true => deleted = false

!ENTRY org.springframework.tooling.ls.eclipse.commons 1 0 2021-09-07 15:32:35.992
!MESSAGE classpath=1 entries

!ENTRY org.springframework.tooling.ls.eclipse.commons 1 0 2021-09-07 15:32:35.993
!MESSAGE buffering callback sts4.classpath.WvisyFIQ lab9_1 false 1

!ENTRY org.springframework.tooling.ls.eclipse.commons 1 0 2021-09-07 15:32:35.994
!MESSAGE Preparing classpath changed notification lab9_2

!ENTRY org.springframework.tooling.ls.eclipse.commons 1 0 2021-09-07 15:32:35.995
!MESSAGE exists = true open = true => deleted = false

!ENTRY org.springframework.tooling.ls.eclipse.commons 1 0 2021-09-07 15:32:35.997
!MESSAGE classpath=1 entries

!ENTRY org.springframework.tooling.ls.eclipse.commons 1 0 2021-09-07 15:32:35.998
!MESSAGE buffering callback sts4.classpath.WvisyFIQ lab9_2 false 1

!ENTRY org.springframework.tooling.ls.eclipse.commons 1 0 2021-09-07 15:32:35.999
!MESSAGE Preparing classpath changed notification reflectTest

!ENTRY org.springframework.tooling.ls.eclipse.commons 1 0 2021-09-07 15:32:36.000
!MESSAGE exists = true open = true => deleted = false

!ENTRY org.springframework.tooling.ls.eclipse.commons 1 0 2021-09-07 15:32:36.001
!MESSAGE classpath=19 entries

!ENTRY org.springframework.tooling.ls.eclipse.commons 1 0 2021-09-07 15:32:36.002
!MESSAGE buffering callback sts4.classpath.WvisyFIQ reflectTest false 19

!ENTRY org.springframework.tooling.ls.eclipse.commons 1 0 2021-09-07 15:32:36.005
!MESSAGE executing callback sts4.classpath.WvisyFIQ 66 batched events

!ENTRY org.springframework.tooling.ls.eclipse.commons 1 0 2021-09-07 15:32:37.625
!MESSAGE executing callback sts4.classpath.WvisyFIQ SUCCESS [done]

!ENTRY org.springframework.tooling.ls.eclipse.commons 1 0 2021-09-07 15:37:03.295
!MESSAGE Preparing classpath changed notification html1

!ENTRY org.springframework.tooling.ls.eclipse.commons 1 0 2021-09-07 15:37:03.296
!MESSAGE exists = true open = true => deleted = false

!ENTRY org.springframework.tooling.ls.eclipse.commons 1 0 2021-09-07 15:37:03.297
!MESSAGE classpath=1 entries

!ENTRY org.springframework.tooling.ls.eclipse.commons 1 0 2021-09-07 15:37:03.298
!MESSAGE buffering callback sts4.classpath.WvisyFIQ html1 false 1

!ENTRY org.springframework.tooling.ls.eclipse.commons 1 0 2021-09-07 15:37:03.299
!MESSAGE executing callback sts4.classpath.WvisyFIQ 1 batched events

!ENTRY org.springframework.tooling.ls.eclipse.commons 1 0 2021-09-07 15:37:03.380
!MESSAGE executing callback sts4.classpath.WvisyFIQ SUCCESS [done]

!ENTRY org.springframework.tooling.ls.eclipse.commons 1 0 2021-09-07 15:37:29.362
!MESSAGE Preparing classpath changed notification html1

!ENTRY org.springframework.tooling.ls.eclipse.commons 1 0 2021-09-07 15:37:29.363
!MESSAGE exists = true open = true => deleted = false

!ENTRY org.springframework.tooling.ls.eclipse.commons 1 0 2021-09-07 15:37:29.371
!MESSAGE classpath=65 entries

!ENTRY org.springframework.tooling.ls.eclipse.commons 1 0 2021-09-07 15:37:29.378
!MESSAGE buffering callback sts4.classpath.WvisyFIQ html1 false 65

!ENTRY org.springframework.tooling.ls.eclipse.commons 1 0 2021-09-07 15:37:29.378
!MESSAGE executing callback sts4.classpath.WvisyFIQ 1 batched events

!ENTRY org.springframework.tooling.ls.eclipse.commons 1 0 2021-09-07 15:37:29.401
!MESSAGE executing callback sts4.classpath.WvisyFIQ SUCCESS [done]

!ENTRY org.springframework.tooling.ls.eclipse.commons 1 0 2021-09-07 15:37:29.653
!MESSAGE Preparing classpath changed notification html1

!ENTRY org.springframework.tooling.ls.eclipse.commons 1 0 2021-09-07 15:37:29.655
!MESSAGE exists = true open = true => deleted = false

!ENTRY org.springframework.tooling.ls.eclipse.commons 1 0 2021-09-07 15:37:29.665
!MESSAGE classpath=65 entries

!ENTRY org.springframework.tooling.ls.eclipse.commons 1 0 2021-09-07 15:37:29.673
!MESSAGE buffering callback sts4.classpath.WvisyFIQ html1 false 65

!ENTRY org.springframework.tooling.ls.eclipse.commons 1 0 2021-09-07 15:37:29.674
!MESSAGE executing callback sts4.classpath.WvisyFIQ 1 batched events

!ENTRY org.springframework.tooling.ls.eclipse.commons 1 0 2021-09-07 15:37:29.696
!MESSAGE executing callback sts4.classpath.WvisyFIQ SUCCESS [done]

!ENTRY org.springframework.tooling.ls.eclipse.commons 1 0 2021-09-07 15:37:35.628
!MESSAGE Preparing classpath changed notification DBT

!ENTRY org.springframework.tooling.ls.eclipse.commons 1 0 2021-09-07 15:37:35.629
!MESSAGE exists = true open = true => deleted = false

!ENTRY org.springframework.tooling.ls.eclipse.commons 1 0 2021-09-07 15:37:35.779
!MESSAGE classpath=2 entries

!ENTRY org.springframework.tooling.ls.eclipse.commons 1 0 2021-09-07 15:37:35.780
!MESSAGE buffering callback sts4.classpath.WvisyFIQ DBT false 1

!ENTRY org.springframework.tooling.ls.eclipse.commons 1 0 2021-09-07 15:37:35.781
!MESSAGE Preparing classpath changed notification DBTest

!ENTRY org.springframework.tooling.ls.eclipse.commons 1 0 2021-09-07 15:37:35.782
!MESSAGE exists = true open = true => deleted = false

!ENTRY org.springframework.tooling.ls.eclipse.commons 1 0 2021-09-07 15:37:35.784
!MESSAGE classpath=20 entries

!ENTRY org.springframework.tooling.ls.eclipse.commons 1 0 2021-09-07 15:37:35.785
!MESSAGE buffering callback sts4.classpath.WvisyFIQ DBTest false 19

!ENTRY org.springframework.tooling.ls.eclipse.commons 1 0 2021-09-07 15:37:35.786
!MESSAGE Preparing classpath changed notification Error

!ENTRY org.springframework.tooling.ls.eclipse.commons 1 0 2021-09-07 15:37:35.787
!MESSAGE exists = true open = true => deleted = false

!ENTRY org.springframework.tooling.ls.eclipse.commons 1 0 2021-09-07 15:37:35.788
!MESSAGE classpath=20 entries

!ENTRY org.springframework.tooling.ls.eclipse.commons 1 0 2021-09-07 15:37:35.789
!MESSAGE buffering callback sts4.classpath.WvisyFIQ Error false 19

!ENTRY org.springframework.tooling.ls.eclipse.commons 1 0 2021-09-07 15:37:35.791
!MESSAGE Preparing classpath changed notification JavaProject_Final_DesktopClinet

!ENTRY org.springframework.tooling.ls.eclipse.commons 1 0 2021-09-07 15:37:35.792
!MESSAGE exists = true open = true => deleted = false

!ENTRY org.springframework.tooling.ls.eclipse.commons 1 0 2021-09-07 15:37:35.794
!MESSAGE classpath=20 entries

!ENTRY org.springframework.tooling.ls.eclipse.commons 1 0 2021-09-07 15:37:35.795
!MESSAGE buffering callback sts4.classpath.WvisyFIQ JavaProject_Final_DesktopClinet false 19

!ENTRY org.springframework.tooling.ls.eclipse.commons 1 0 2021-09-07 15:37:35.796
!MESSAGE executing callback sts4.classpath.WvisyFIQ 4 batched events

!ENTRY org.springframework.tooling.ls.eclipse.commons 1 0 2021-09-07 15:37:35.887
!MESSAGE executing callback sts4.classpath.WvisyFIQ SUCCESS [done]

!ENTRY org.springframework.tooling.ls.eclipse.commons 1 0 2021-09-07 15:37:35.888
!MESSAGE Preparing classpath changed notification Testtt

!ENTRY org.springframework.tooling.ls.eclipse.commons 1 0 2021-09-07 15:37:35.890
!MESSAGE exists = true open = true => deleted = false

!ENTRY org.springframework.tooling.ls.eclipse.commons 1 0 2021-09-07 15:37:35.893
!MESSAGE classpath=20 entries

!ENTRY org.springframework.tooling.ls.eclipse.commons 1 0 2021-09-07 15:37:35.895
!MESSAGE buffering callback sts4.classpath.WvisyFIQ Testtt false 19

!ENTRY org.springframework.tooling.ls.eclipse.commons 1 0 2021-09-07 15:37:35.896
!MESSAGE executing callback sts4.classpath.WvisyFIQ 1 batched events

!ENTRY org.springframework.tooling.ls.eclipse.commons 1 0 2021-09-07 15:37:35.970
!MESSAGE executing callback sts4.classpath.WvisyFIQ SUCCESS [done]

!ENTRY org.springframework.tooling.ls.eclipse.commons 1 0 2021-09-07 15:37:37.114
!MESSAGE Preparing classpath changed notification DBT

!ENTRY org.springframework.tooling.ls.eclipse.commons 1 0 2021-09-07 15:37:37.116
!MESSAGE exists = true open = true => deleted = false

!ENTRY org.springframework.tooling.ls.eclipse.commons 1 0 2021-09-07 15:37:37.134
!MESSAGE classpath=2 entries

!ENTRY org.springframework.tooling.ls.eclipse.commons 1 0 2021-09-07 15:37:37.135
!MESSAGE buffering callback sts4.classpath.WvisyFIQ DBT false 1

!ENTRY org.springframework.tooling.ls.eclipse.commons 1 0 2021-09-07 15:37:37.136
!MESSAGE Preparing classpath changed notification DBTest

!ENTRY org.springframework.tooling.ls.eclipse.commons 1 0 2021-09-07 15:37:37.137
!MESSAGE exists = true open = true => deleted = false

!ENTRY org.springframework.tooling.ls.eclipse.commons 1 0 2021-09-07 15:37:37.138
!MESSAGE classpath=20 entries

!ENTRY org.springframework.tooling.ls.eclipse.commons 1 0 2021-09-07 15:37:37.140
!MESSAGE buffering callback sts4.classpath.WvisyFIQ DBTest false 19

!ENTRY org.springframework.tooling.ls.eclipse.commons 1 0 2021-09-07 15:37:37.141
!MESSAGE Preparing classpath changed notification Error

!ENTRY org.springframework.tooling.ls.eclipse.commons 1 0 2021-09-07 15:37:37.143
!MESSAGE exists = true open = true => deleted = false

!ENTRY org.springframework.tooling.ls.eclipse.commons 1 0 2021-09-07 15:37:37.146
!MESSAGE classpath=20 entries

!ENTRY org.springframework.tooling.ls.eclipse.commons 1 0 2021-09-07 15:37:37.147
!MESSAGE buffering callback sts4.classpath.WvisyFIQ Error false 19

!ENTRY org.springframework.tooling.ls.eclipse.commons 1 0 2021-09-07 15:37:37.148
!MESSAGE executing callback sts4.classpath.WvisyFIQ 3 batched events

!ENTRY org.springframework.tooling.ls.eclipse.commons 1 0 2021-09-07 15:37:37.196
!MESSAGE executing callback sts4.classpath.WvisyFIQ SUCCESS [done]

!ENTRY org.springframework.tooling.ls.eclipse.commons 1 0 2021-09-07 15:37:37.197
!MESSAGE Preparing classpath changed notification JavaProject_Final_DesktopClinet

!ENTRY org.springframework.tooling.ls.eclipse.commons 1 0 2021-09-07 15:37:37.198
!MESSAGE exists = true open = true => deleted = false

!ENTRY org.springframework.tooling.ls.eclipse.commons 1 0 2021-09-07 15:37:37.199
!MESSAGE classpath=20 entries

!ENTRY org.springframework.tooling.ls.eclipse.commons 1 0 2021-09-07 15:37:37.200
!MESSAGE buffering callback sts4.classpath.WvisyFIQ JavaProject_Final_DesktopClinet false 19

!ENTRY org.springframework.tooling.ls.eclipse.commons 1 0 2021-09-07 15:37:37.201
!MESSAGE Preparing classpath changed notification Testtt

!ENTRY org.springframework.tooling.ls.eclipse.commons 1 0 2021-09-07 15:37:37.202
!MESSAGE exists = true open = true => deleted = false

!ENTRY org.springframework.tooling.ls.eclipse.commons 1 0 2021-09-07 15:37:37.203
!MESSAGE classpath=20 entries

!ENTRY org.springframework.tooling.ls.eclipse.commons 1 0 2021-09-07 15:37:37.204
!MESSAGE buffering callback sts4.classpath.WvisyFIQ Testtt false 19

!ENTRY org.springframework.tooling.ls.eclipse.commons 1 0 2021-09-07 15:37:37.205
!MESSAGE executing callback sts4.classpath.WvisyFIQ 2 batched events

!ENTRY org.springframework.tooling.ls.eclipse.commons 1 0 2021-09-07 15:37:37.253
!MESSAGE executing callback sts4.classpath.WvisyFIQ SUCCESS [done]

!ENTRY org.springframework.tooling.ls.eclipse.commons 1 0 2021-09-07 15:37:39.597
!MESSAGE Preparing classpath changed notification DBT

!ENTRY org.springframework.tooling.ls.eclipse.commons 1 0 2021-09-07 15:37:39.599
!MESSAGE exists = true open = true => deleted = false

!ENTRY org.springframework.tooling.ls.eclipse.commons 1 0 2021-09-07 15:37:39.614
!MESSAGE classpath=2 entries

!ENTRY org.springframework.tooling.ls.eclipse.commons 1 0 2021-09-07 15:37:39.615
!MESSAGE buffering callback sts4.classpath.WvisyFIQ DBT false 1

!ENTRY org.springframework.tooling.ls.eclipse.commons 1 0 2021-09-07 15:37:39.616
!MESSAGE Preparing classpath changed notification DBTest

!ENTRY org.springframework.tooling.ls.eclipse.commons 1 0 2021-09-07 15:37:39.617
!MESSAGE exists = true open = true => deleted = false

!ENTRY org.springframework.tooling.ls.eclipse.commons 1 0 2021-09-07 15:37:39.619
!MESSAGE classpath=20 entries

!ENTRY org.springframework.tooling.ls.eclipse.commons 1 0 2021-09-07 15:37:39.620
!MESSAGE buffering callback sts4.classpath.WvisyFIQ DBTest false 19

!ENTRY org.springframework.tooling.ls.eclipse.commons 1 0 2021-09-07 15:37:39.621
!MESSAGE Preparing classpath changed notification Error

!ENTRY org.springframework.tooling.ls.eclipse.commons 1 0 2021-09-07 15:37:39.621
!MESSAGE exists = true open = true => deleted = false

!ENTRY org.springframework.tooling.ls.eclipse.commons 1 0 2021-09-07 15:37:39.623
!MESSAGE classpath=20 entries

!ENTRY org.springframework.tooling.ls.eclipse.commons 1 0 2021-09-07 15:37:39.625
!MESSAGE buffering callback sts4.classpath.WvisyFIQ Error false 19

!ENTRY org.springframework.tooling.ls.eclipse.commons 1 0 2021-09-07 15:37:39.626
!MESSAGE Preparing classpath changed notification JavaProject_Final_DesktopClinet

!ENTRY org.springframework.tooling.ls.eclipse.commons 1 0 2021-09-07 15:37:39.627
!MESSAGE exists = true open = true => deleted = false

!ENTRY org.springframework.tooling.ls.eclipse.commons 1 0 2021-09-07 15:37:39.628
!MESSAGE classpath=20 entries

!ENTRY org.springframework.tooling.ls.eclipse.commons 1 0 2021-09-07 15:37:39.630
!MESSAGE buffering callback sts4.classpath.WvisyFIQ JavaProject_Final_DesktopClinet false 19

!ENTRY org.springframework.tooling.ls.eclipse.commons 1 0 2021-09-07 15:37:39.631
!MESSAGE Preparing classpath changed notification Testtt

!ENTRY org.springframework.tooling.ls.eclipse.commons 1 0 2021-09-07 15:37:39.633
!MESSAGE exists = true open = true => deleted = false

!ENTRY org.springframework.tooling.ls.eclipse.commons 1 0 2021-09-07 15:37:39.634
!MESSAGE classpath=20 entries

!ENTRY org.springframework.tooling.ls.eclipse.commons 1 0 2021-09-07 15:37:39.636
!MESSAGE buffering callback sts4.classpath.WvisyFIQ Testtt false 19

!ENTRY org.springframework.tooling.ls.eclipse.commons 1 0 2021-09-07 15:37:39.636
!MESSAGE executing callback sts4.classpath.WvisyFIQ 5 batched events

!ENTRY org.springframework.tooling.ls.eclipse.commons 1 0 2021-09-07 15:37:39.810
!MESSAGE executing callback sts4.classpath.WvisyFIQ SUCCESS [done]

!ENTRY org.springframework.tooling.ls.eclipse.commons 1 0 2021-09-07 15:37:40.682
!MESSAGE Preparing classpath changed notification DBT

!ENTRY org.springframework.tooling.ls.eclipse.commons 1 0 2021-09-07 15:37:40.683
!MESSAGE exists = true open = true => deleted = false

!ENTRY org.springframework.tooling.ls.eclipse.commons 1 0 2021-09-07 15:37:40.685
!MESSAGE classpath=2 entries

!ENTRY org.springframework.tooling.ls.eclipse.commons 1 0 2021-09-07 15:37:40.686
!MESSAGE buffering callback sts4.classpath.WvisyFIQ DBT false 1

!ENTRY org.springframework.tooling.ls.eclipse.commons 1 0 2021-09-07 15:37:40.686
!MESSAGE Preparing classpath changed notification DBTest

!ENTRY org.springframework.tooling.ls.eclipse.commons 1 0 2021-09-07 15:37:40.687
!MESSAGE exists = true open = true => deleted = false

!ENTRY org.springframework.tooling.ls.eclipse.commons 1 0 2021-09-07 15:37:40.689
!MESSAGE classpath=20 entries

!ENTRY org.springframework.tooling.ls.eclipse.commons 1 0 2021-09-07 15:37:40.690
!MESSAGE buffering callback sts4.classpath.WvisyFIQ DBTest false 19

!ENTRY org.springframework.tooling.ls.eclipse.commons 1 0 2021-09-07 15:37:40.692
!MESSAGE Preparing classpath changed notification Error

!ENTRY org.springframework.tooling.ls.eclipse.commons 1 0 2021-09-07 15:37:40.695
!MESSAGE exists = true open = true => deleted = false

!ENTRY org.springframework.tooling.ls.eclipse.commons 1 0 2021-09-07 15:37:40.696
!MESSAGE classpath=20 entries

!ENTRY org.springframework.tooling.ls.eclipse.commons 1 0 2021-09-07 15:37:40.697
!MESSAGE buffering callback sts4.classpath.WvisyFIQ Error false 19

!ENTRY org.springframework.tooling.ls.eclipse.commons 1 0 2021-09-07 15:37:40.698
!MESSAGE Preparing classpath changed notification JavaProject_Final_DesktopClinet

!ENTRY org.springframework.tooling.ls.eclipse.commons 1 0 2021-09-07 15:37:40.699
!MESSAGE exists = true open = true => deleted = false

!ENTRY org.springframework.tooling.ls.eclipse.commons 1 0 2021-09-07 15:37:40.700
!MESSAGE classpath=20 entries

!ENTRY org.springframework.tooling.ls.eclipse.commons 1 0 2021-09-07 15:37:40.701
!MESSAGE buffering callback sts4.classpath.WvisyFIQ JavaProject_Final_DesktopClinet false 19

!ENTRY org.springframework.tooling.ls.eclipse.commons 1 0 2021-09-07 15:37:40.702
!MESSAGE executing callback sts4.classpath.WvisyFIQ 4 batched events

!ENTRY org.springframework.tooling.ls.eclipse.commons 1 0 2021-09-07 15:37:40.761
!MESSAGE executing callback sts4.classpath.WvisyFIQ SUCCESS [done]

!ENTRY org.springframework.tooling.ls.eclipse.commons 1 0 2021-09-07 15:37:40.762
!MESSAGE Preparing classpath changed notification Testtt

!ENTRY org.springframework.tooling.ls.eclipse.commons 1 0 2021-09-07 15:37:40.763
!MESSAGE exists = true open = true => deleted = false

!ENTRY org.springframework.tooling.ls.eclipse.commons 1 0 2021-09-07 15:37:40.764
!MESSAGE classpath=20 entries

!ENTRY org.springframework.tooling.ls.eclipse.commons 1 0 2021-09-07 15:37:40.766
!MESSAGE buffering callback sts4.classpath.WvisyFIQ Testtt false 19

!ENTRY org.springframework.tooling.ls.eclipse.commons 1 0 2021-09-07 15:37:40.766
!MESSAGE executing callback sts4.classpath.WvisyFIQ 1 batched events

!ENTRY org.springframework.tooling.ls.eclipse.commons 1 0 2021-09-07 15:37:40.809
!MESSAGE executing callback sts4.classpath.WvisyFIQ SUCCESS [done]

!ENTRY org.eclipse.ui 2 2 2021-09-07 15:39:47.277
!MESSAGE Invalid property category path: org.springframework.ide.eclipse.beans.ui.properties.ProjectPropertyPage (bundle: org.springframework.ide.eclipse.xml.namespaces, propertyPage: org.springframework.ide.eclipse.beans.ui.namespaces.projectPropertyPage)

!ENTRY org.eclipse.ui 4 0 2021-09-07 15:39:47.775
!MESSAGE Unhandled event loop exception
!STACK 0
org.eclipse.e4.core.di.InjectionException: org.eclipse.swt.SWTException: i/o error (java.io.FileNotFoundException: C:\Program Files\Git\mingw64\share\git\git-for-windows.ico (지정된 경로를 찾을 수 없습니다))
	at org.eclipse.e4.core.internal.di.MethodRequestor.execute(MethodRequestor.java:68)
	at org.eclipse.e4.ui.internal.di.UIEventObjectSupplier$UIEventHandler.lambda$0(UIEventObjectSupplier.java:64)
	at org.eclipse.swt.widgets.Synchronizer.syncExec(Synchronizer.java:236)
	at org.eclipse.ui.internal.UISynchronizer.syncExec(UISynchronizer.java:146)
	at org.eclipse.swt.widgets.Display.syncExec(Display.java:4629)
	at org.eclipse.e4.ui.internal.workbench.swt.E4Application$1.syncExec(E4Application.java:219)
	at org.eclipse.e4.ui.internal.di.UIEventObjectSupplier$UIEventHandler.handleEvent(UIEventObjectSupplier.java:64)
	at org.eclipse.equinox.internal.event.EventHandlerWrapper.handleEvent(EventHandlerWrapper.java:205)
	at org.eclipse.equinox.internal.event.EventHandlerTracker.dispatchEvent(EventHandlerTracker.java:203)
	at org.eclipse.equinox.internal.event.EventHandlerTracker.dispatchEvent(EventHandlerTracker.java:1)
	at org.eclipse.osgi.framework.eventmgr.EventManager.dispatchEvent(EventManager.java:234)
	at org.eclipse.osgi.framework.eventmgr.ListenerQueue.dispatchEventSynchronous(ListenerQueue.java:151)
	at org.eclipse.equinox.internal.event.EventAdminImpl.dispatchEvent(EventAdminImpl.java:132)
	at org.eclipse.equinox.internal.event.EventAdminImpl.sendEvent(EventAdminImpl.java:75)
	at org.eclipse.equinox.internal.event.EventComponent.sendEvent(EventComponent.java:44)
	at org.eclipse.e4.ui.services.internal.events.EventBroker.send(EventBroker.java:55)
	at org.eclipse.e4.ui.internal.workbench.UIEventPublisher.notifyChanged(UIEventPublisher.java:63)
	at org.eclipse.emf.common.notify.impl.BasicNotifierImpl.eNotify(BasicNotifierImpl.java:424)
	at org.eclipse.e4.ui.model.application.ui.impl.UIElementImpl.setVisible(UIElementImpl.java:361)
	at org.eclipse.e4.ui.workbench.renderers.swt.ContributionRecord.updateVisibility(ContributionRecord.java:113)
	at org.eclipse.e4.ui.workbench.renderers.swt.MenuManagerRendererFilter.updateElementVisibility(MenuManagerRendererFilter.java:194)
	at org.eclipse.e4.ui.workbench.renderers.swt.MenuManagerRendererFilter.updateElementVisibility(MenuManagerRendererFilter.java:205)
	at org.eclipse.e4.ui.workbench.renderers.swt.MenuManagerShowProcessor.showMenu(MenuManagerShowProcessor.java:258)
	at org.eclipse.e4.ui.workbench.renderers.swt.MenuManagerShowProcessor.menuAboutToHide(MenuManagerShowProcessor.java:115)
	at org.eclipse.jface.internal.MenuManagerEventHelper.showEventPostHelper(MenuManagerEventHelper.java:95)
	at org.eclipse.jface.action.MenuManager.handleAboutToShow(MenuManager.java:469)
	at org.eclipse.jface.action.MenuManager.access$1(MenuManager.java:463)
	at org.eclipse.jface.action.MenuManager$2.menuShown(MenuManager.java:495)
	at org.eclipse.swt.widgets.TypedListener.handleEvent(TypedListener.java:259)
	at org.eclipse.swt.widgets.EventTable.sendEvent(EventTable.java:89)
	at org.eclipse.swt.widgets.Display.sendEvent(Display.java:4175)
	at org.eclipse.swt.widgets.Widget.sendEvent(Widget.java:1057)
	at org.eclipse.swt.widgets.Widget.sendEvent(Widget.java:1081)
	at org.eclipse.swt.widgets.Widget.sendEvent(Widget.java:1062)
	at org.eclipse.swt.widgets.Control.WM_INITMENUPOPUP(Control.java:5156)
	at org.eclipse.swt.widgets.Control.windowProc(Control.java:4788)
	at org.eclipse.swt.widgets.Canvas.windowProc(Canvas.java:348)
	at org.eclipse.swt.widgets.Decorations.windowProc(Decorations.java:1501)
	at org.eclipse.swt.widgets.Shell.windowProc(Shell.java:2138)
	at org.eclipse.swt.widgets.Display.windowProc(Display.java:4819)
	at org.eclipse.swt.internal.win32.OS.TrackPopupMenu(Native Method)
	at org.eclipse.swt.widgets.Menu._setVisible(Menu.java:253)
	at org.eclipse.swt.widgets.Display.runPopups(Display.java:4029)
	at org.eclipse.swt.widgets.Display.readAndDispatch(Display.java:3581)
	at org.eclipse.e4.ui.internal.workbench.swt.PartRenderingEngine$5.run(PartRenderingEngine.java:1160)
	at org.eclipse.core.databinding.observable.Realm.runWithDefault(Realm.java:338)
	at org.eclipse.e4.ui.internal.workbench.swt.PartRenderingEngine.run(PartRenderingEngine.java:1049)
	at org.eclipse.e4.ui.internal.workbench.E4Workbench.createAndRunUI(E4Workbench.java:155)
	at org.eclipse.ui.internal.Workbench.lambda$3(Workbench.java:660)
	at org.eclipse.core.databinding.observable.Realm.runWithDefault(Realm.java:338)
	at org.eclipse.ui.internal.Workbench.createAndRunWorkbench(Workbench.java:559)
	at org.eclipse.ui.PlatformUI.createAndRunWorkbench(PlatformUI.java:154)
	at org.eclipse.ui.internal.ide.application.IDEApplication.start(IDEApplication.java:150)
	at org.eclipse.equinox.internal.app.EclipseAppHandle.run(EclipseAppHandle.java:203)
	at org.eclipse.core.runtime.internal.adaptor.EclipseAppLauncher.runApplication(EclipseAppLauncher.java:137)
	at org.eclipse.core.runtime.internal.adaptor.EclipseAppLauncher.start(EclipseAppLauncher.java:107)
	at org.eclipse.core.runtime.adaptor.EclipseStarter.run(EclipseStarter.java:401)
	at org.eclipse.core.runtime.adaptor.EclipseStarter.run(EclipseStarter.java:255)
	at sun.reflect.NativeMethodAccessorImpl.invoke0(Native Method)
	at sun.reflect.NativeMethodAccessorImpl.invoke(Unknown Source)
	at sun.reflect.DelegatingMethodAccessorImpl.invoke(Unknown Source)
	at java.lang.reflect.Method.invoke(Unknown Source)
	at org.eclipse.equinox.launcher.Main.invokeFramework(Main.java:657)
	at org.eclipse.equinox.launcher.Main.basicRun(Main.java:594)
	at org.eclipse.equinox.launcher.Main.run(Main.java:1465)
	at org.eclipse.equinox.launcher.Main.main(Main.java:1438)
Caused by: org.eclipse.swt.SWTException: i/o error (java.io.FileNotFoundException: C:\Program Files\Git\mingw64\share\git\git-for-windows.ico (지정된 경로를 찾을 수 없습니다))
	at org.eclipse.swt.SWT.error(SWT.java:4720)
	at org.eclipse.swt.SWT.error(SWT.java:4635)
	at org.eclipse.swt.graphics.ImageLoader.load(ImageLoader.java:184)
	at org.eclipse.tm.terminal.view.ui.local.showin.ExternalExecutablesManager.loadImage(ExternalExecutablesManager.java:266)
	at org.eclipse.tm.terminal.view.ui.local.showin.DynamicContributionItems.getContributionItems(DynamicContributionItems.java:79)
	at org.eclipse.ui.actions.CompoundContributionItem.getContributionItemsToFill(CompoundContributionItem.java:83)
	at org.eclipse.ui.actions.CompoundContributionItem.fill(CompoundContributionItem.java:57)
	at org.eclipse.ui.internal.menus.DynamicMenuContributionItem.fill(DynamicMenuContributionItem.java:146)
	at org.eclipse.jface.action.MenuManager.doItemFill(MenuManager.java:729)
	at org.eclipse.jface.action.MenuManager.update(MenuManager.java:806)
	at org.eclipse.jface.action.MenuManager.update(MenuManager.java:673)
	at org.eclipse.e4.ui.workbench.renderers.swt.MenuManagerRenderer.scheduleManagerUpdate(MenuManagerRenderer.java:1224)
	at org.eclipse.e4.ui.workbench.renderers.swt.MenuManagerRenderer.subscribeUIElementTopicAllRenderedVisibility(MenuManagerRenderer.java:218)
	at sun.reflect.GeneratedMethodAccessor20.invoke(Unknown Source)
	at sun.reflect.DelegatingMethodAccessorImpl.invoke(Unknown Source)
	at java.lang.reflect.Method.invoke(Unknown Source)
	at org.eclipse.e4.core.internal.di.MethodRequestor.execute(MethodRequestor.java:58)
	... 65 more
Caused by: java.io.FileNotFoundException: C:\Program Files\Git\mingw64\share\git\git-for-windows.ico (지정된 경로를 찾을 수 없습니다)
	at java.io.FileInputStream.open0(Native Method)
	at java.io.FileInputStream.open(Unknown Source)
	at java.io.FileInputStream.<init>(Unknown Source)
	at java.io.FileInputStream.<init>(Unknown Source)
	at org.eclipse.swt.graphics.ImageLoader.load(ImageLoader.java:181)
	... 79 more

!ENTRY org.springframework.tooling.ls.eclipse.commons 1 0 2021-09-07 15:40:52.926
!MESSAGE Preparing classpath changed notification DBT

!ENTRY org.springframework.tooling.ls.eclipse.commons 1 0 2021-09-07 15:40:52.928
!MESSAGE exists = true open = true => deleted = false

!ENTRY org.springframework.tooling.ls.eclipse.commons 1 0 2021-09-07 15:40:52.932
!MESSAGE classpath=2 entries

!ENTRY org.springframework.tooling.ls.eclipse.commons 1 0 2021-09-07 15:40:52.933
!MESSAGE buffering callback sts4.classpath.WvisyFIQ DBT false 1

!ENTRY org.springframework.tooling.ls.eclipse.commons 1 0 2021-09-07 15:40:52.934
!MESSAGE Preparing classpath changed notification DBTest

!ENTRY org.springframework.tooling.ls.eclipse.commons 1 0 2021-09-07 15:40:52.935
!MESSAGE exists = true open = true => deleted = false

!ENTRY org.springframework.tooling.ls.eclipse.commons 1 0 2021-09-07 15:40:52.936
!MESSAGE classpath=20 entries

!ENTRY org.springframework.tooling.ls.eclipse.commons 1 0 2021-09-07 15:40:52.937
!MESSAGE buffering callback sts4.classpath.WvisyFIQ DBTest false 19

!ENTRY org.springframework.tooling.ls.eclipse.commons 1 0 2021-09-07 15:40:52.938
!MESSAGE Preparing classpath changed notification Error

!ENTRY org.springframework.tooling.ls.eclipse.commons 1 0 2021-09-07 15:40:52.939
!MESSAGE exists = true open = true => deleted = false

!ENTRY org.springframework.tooling.ls.eclipse.commons 1 0 2021-09-07 15:40:52.940
!MESSAGE classpath=20 entries

!ENTRY org.springframework.tooling.ls.eclipse.commons 1 0 2021-09-07 15:40:52.941
!MESSAGE buffering callback sts4.classpath.WvisyFIQ Error false 19

!ENTRY org.springframework.tooling.ls.eclipse.commons 1 0 2021-09-07 15:40:52.941
!MESSAGE Preparing classpath changed notification JavaProject_Final_DesktopClinet

!ENTRY org.springframework.tooling.ls.eclipse.commons 1 0 2021-09-07 15:40:52.942
!MESSAGE exists = true open = true => deleted = false

!ENTRY org.springframework.tooling.ls.eclipse.commons 1 0 2021-09-07 15:40:52.943
!MESSAGE classpath=20 entries

!ENTRY org.springframework.tooling.ls.eclipse.commons 1 0 2021-09-07 15:40:52.944
!MESSAGE buffering callback sts4.classpath.WvisyFIQ JavaProject_Final_DesktopClinet false 19

!ENTRY org.springframework.tooling.ls.eclipse.commons 1 0 2021-09-07 15:40:52.945
!MESSAGE executing callback sts4.classpath.WvisyFIQ 4 batched events

!ENTRY org.springframework.tooling.ls.eclipse.commons 1 0 2021-09-07 15:40:52.985
!MESSAGE executing callback sts4.classpath.WvisyFIQ SUCCESS [done]

!ENTRY org.springframework.tooling.ls.eclipse.commons 1 0 2021-09-07 15:40:52.986
!MESSAGE Preparing classpath changed notification Testtt

!ENTRY org.springframework.tooling.ls.eclipse.commons 1 0 2021-09-07 15:40:52.987
!MESSAGE exists = true open = true => deleted = false

!ENTRY org.springframework.tooling.ls.eclipse.commons 1 0 2021-09-07 15:40:52.989
!MESSAGE classpath=20 entries

!ENTRY org.springframework.tooling.ls.eclipse.commons 1 0 2021-09-07 15:40:52.990
!MESSAGE buffering callback sts4.classpath.WvisyFIQ Testtt false 19

!ENTRY org.springframework.tooling.ls.eclipse.commons 1 0 2021-09-07 15:40:52.991
!MESSAGE executing callback sts4.classpath.WvisyFIQ 1 batched events

!ENTRY org.springframework.tooling.ls.eclipse.commons 1 0 2021-09-07 15:40:53.017
!MESSAGE executing callback sts4.classpath.WvisyFIQ SUCCESS [done]
